<?xml version="1.0" encoding="UTF-8"?>
<!-- Generated by org.testng.reporters.JUnitXMLReporter -->
<testsuite hostname="YMALIK-DL-IN" ignored="0" name="LoginPage" tests="3" failures="2" timestamp="17 May 2017 07:24:37 GMT" time="87.363" errors="0">
  <testcase name="LOGIN_FirstRainLOGO_Verification" time="0.295" classname="Tests.Login"/>
  <testcase name="LOGIN_PrimaryHeading_Verification" time="0.007" classname="Tests.Login">
    <failure type="java.lang.NullPointerException">
      <![CDATA[java.lang.NullPointerException
	at Tests.Login.LOGIN_PrimaryHeading_Verification(Login.java:46)
	at java.util.concurrent.FutureTask.run(Unknown Source)
	at java.util.concurrent.ThreadPoolExecutor.runWorker(Unknown Source)
	at java.util.concurrent.ThreadPoolExecutor$Worker.run(Unknown Source)
	at java.lang.Thread.run(Unknown Source)
... Removed 16 stack frames]]>
    </failure>
  </testcase> <!-- LOGIN_PrimaryHeading_Verification -->
  <testcase name="LOGIN_PrimaryTextPresent_Verification" time="0.007" classname="Tests.Login">
    <failure type="java.lang.NullPointerException">
      <![CDATA[java.lang.NullPointerException
	at Tests.Login.LOGIN_PrimaryTextPresent_Verification(Login.java:59)
	at java.util.concurrent.FutureTask.run(Unknown Source)
	at java.util.concurrent.ThreadPoolExecutor.runWorker(Unknown Source)
	at java.util.concurrent.ThreadPoolExecutor$Worker.run(Unknown Source)
	at java.lang.Thread.run(Unknown Source)
... Removed 16 stack frames]]>
    </failure>
  </testcase> <!-- LOGIN_PrimaryTextPresent_Verification -->
</testsuite> <!-- LoginPage -->
